0 info it worked if it ends with ok
1 verbose cli [ 'C:\\Program Files\\nodejs\\\\node.exe',
1 verbose cli   'C:\\Program Files\\nodejs\\node_modules\\npm\\bin\\npm-cli.js',
1 verbose cli   'start' ]
2 info using npm@3.8.2
3 info using node@v0.10.28
4 verbose stack Error: ENOENT, open 'C:\xampp\htdocs\storii\code\src\main\resources\package.json'
5 verbose cwd C:\xampp\htdocs\storii\code\src\main\resources
6 error Windows_NT 6.1.7601
7 error argv "C:\\Program Files\\nodejs\\\\node.exe" "C:\\Program Files\\nodejs\\node_modules\\npm\\bin\\npm-cli.js" "start"
8 error node v0.10.28
9 error npm  v3.8.2
10 error path C:\xampp\htdocs\storii\code\src\main\resources\package.json
11 error code ENOENT
12 error errno 34
13 error enoent ENOENT, open 'C:\xampp\htdocs\storii\code\src\main\resources\package.json'
14 error enoent ENOENT, open 'C:\xampp\htdocs\storii\code\src\main\resources\package.json'
14 error enoent This is most likely not a problem with npm itself
14 error enoent and is related to npm not being able to find a file.
15 verbose exit [ 34, true ]
